Vivado Simulator v2021.2
Copyright 1986-1999, 2001-2021 Xilinx, Inc. All Rights Reserved.
Running: C:/Xilinx/Vivado/2021.2/bin/unwrapped/win64.o/xelab.exe --incr --debug typical --relax --mt 2 -L xil_defaultlib -L uvm -L unisims_ver -L unimacro_ver -L secureip --snapshot lift_controller_tb_top_behav xil_defaultlib.lift_controller_tb_top xil_defaultlib.glbl -log elaborate.log -L uvm 
Using 2 slave threads.
Starting static elaboration
Pass Through NonSizing Optimizer
Completed static elaboration
Starting simulation data flow analysis
WARNING: [XSIM 43-4468] File : /proj/xbuilds/SWIP/9999.0_0805_2155/installs/lin64/Vivado/2022.1/data/system_verilog/uvm_1.2/xlnx_uvm_package.sv, Line : 25994, RANDC variable size more than 8 bits. This will be treated as a RAND variable instead.
WARNING: [XSIM 43-4100] "C:/Users/rudra/OneDrive/Documents/Lift_Controller/vivado_uvm/lift_controller/lift_controller.srcs/sim_1/imports/verif/tb/src/tb_top.sv" Line 12. Module lift_controller_tb_top has a timescale but at least one module in design doesn't have timescale.
WARNING: [XSIM 43-4100] "C:/Users/rudra/OneDrive/Documents/Lift_Controller/vivado_uvm/lift_controller/lift_controller.srcs/sim_1/imports/verif/tb/src/tb_top.sv" Line 12. Module lift_controller_tb_top has a timescale but at least one module in design doesn't have timescale.
WARNING: [XSIM 43-4100] "C:/Users/rudra/OneDrive/Documents/Lift_Controller/vivado_uvm/lift_controller/lift_controller.sim/sim_1/behav/xsim/glbl.v" Line 6. Module glbl has a timescale but at least one module in design doesn't have timescale.
WARNING: [XSIM 43-4100] "C:/Users/rudra/OneDrive/Documents/Lift_Controller/vivado_uvm/lift_controller/lift_controller.sim/sim_1/behav/xsim/glbl.v" Line 6. Module glbl has a timescale but at least one module in design doesn't have timescale.
Completed simulation data flow analysis
Time Resolution for simulation is 1ps
Compiling package xil_defaultlib.lift_controller_test_pkg
Compiling package uvm.uvm_pkg
Compiling package std.std
Compiling package xil_defaultlib.lift_controller_agent_pkg
Compiling package xil_defaultlib.lift_controller_env_pkg
Compiling package xil_defaultlib.lift_controller_seq_pkg
Compiling module xil_defaultlib.lift_controller_if
Compiling module xil_defaultlib.main_alu_block
Compiling module xil_defaultlib.register_nbit
Compiling module xil_defaultlib.load_data
Compiling module xil_defaultlib.request_handler
Compiling module xil_defaultlib.door_controller_default
Compiling module xil_defaultlib.lift_controller_wrapper
Compiling module xil_defaultlib.lift_movement_emulator
Compiling module xil_defaultlib.lift_controller_tb_top
Compiling module xil_defaultlib.glbl
Built simulation snapshot lift_controller_tb_top_behav
