INFO: [VRFC 10-2263] Analyzing Verilog file "C:/Users/rudra/OneDrive/Documents/Lift_Controller/vivado_uvm/lift_controller/lift_controller.srcs/sources_1/imports/rtl/door_controller.v" into library xil_defaultlib
INFO: [VRFC 10-311] analyzing module door_controller
INFO: [VRFC 10-2263] Analyzing Verilog file "C:/Users/rudra/OneDrive/Documents/Lift_Controller/vivado_uvm/lift_controller/lift_controller.srcs/sources_1/imports/rtl/main_alu_block.v" into library xil_defaultlib
INFO: [VRFC 10-311] analyzing module main_alu_block
INFO: [VRFC 10-2263] Analyzing Verilog file "C:/Users/rudra/OneDrive/Documents/Lift_Controller/vivado_uvm/lift_controller/lift_controller.srcs/sources_1/imports/rtl/request_handler.v" into library xil_defaultlib
INFO: [VRFC 10-311] analyzing module register_nbit
INFO: [VRFC 10-311] analyzing module load_data
INFO: [VRFC 10-311] analyzing module request_handler
INFO: [VRFC 10-2263] Analyzing SystemVerilog file "C:/Users/rudra/OneDrive/Documents/Lift_Controller/vivado_uvm/lift_controller/lift_controller.srcs/sim_1/imports/verif/env/agents/lift_controller_agent_pkg.sv" into library xil_defaultlib
INFO: [VRFC 10-2263] Analyzing SystemVerilog file "C:/Users/rudra/OneDrive/Documents/Lift_Controller/vivado_uvm/lift_controller/lift_controller.srcs/sim_1/imports/verif/env/top/lift_controller_env_pkg.sv" into library xil_defaultlib
INFO: [VRFC 10-2263] Analyzing SystemVerilog file "C:/Users/rudra/OneDrive/Documents/Lift_Controller/vivado_uvm/lift_controller/lift_controller.srcs/sources_1/imports/rtl/lift_controller_if.sv" into library xil_defaultlib
INFO: [VRFC 10-2263] Analyzing SystemVerilog file "C:/Users/rudra/OneDrive/Documents/Lift_Controller/vivado_uvm/lift_controller/lift_controller.srcs/sim_1/imports/verif/sequence_lib/src/lift_controller_seq_pkg.sv" into library xil_defaultlib
INFO: [VRFC 10-2263] Analyzing SystemVerilog file "C:/Users/rudra/OneDrive/Documents/Lift_Controller/vivado_uvm/lift_controller/lift_controller.srcs/sim_1/imports/verif/tests/src/lift_controller_test_pkg.sv" into library xil_defaultlib
INFO: [VRFC 10-2263] Analyzing SystemVerilog file "C:/Users/rudra/OneDrive/Documents/Lift_Controller/vivado_uvm/lift_controller/lift_controller.srcs/sources_1/imports/rtl/lift_controller_wrapper.sv" into library xil_defaultlib
INFO: [VRFC 10-311] analyzing module register_nbit
WARNING: [VRFC 10-3609] overwriting previous definition of module 'register_nbit' [C:/Users/rudra/OneDrive/Documents/Lift_Controller/vivado_uvm/lift_controller/lift_controller.srcs/sources_1/imports/rtl/request_handler.v:4]
INFO: [VRFC 10-311] analyzing module load_data
WARNING: [VRFC 10-3609] overwriting previous definition of module 'load_data' [C:/Users/rudra/OneDrive/Documents/Lift_Controller/vivado_uvm/lift_controller/lift_controller.srcs/sources_1/imports/rtl/request_handler.v:17]
INFO: [VRFC 10-311] analyzing module request_handler
WARNING: [VRFC 10-3609] overwriting previous definition of module 'request_handler' [C:/Users/rudra/OneDrive/Documents/Lift_Controller/vivado_uvm/lift_controller/lift_controller.srcs/sources_1/imports/rtl/request_handler.v:34]
INFO: [VRFC 10-311] analyzing module door_controller
WARNING: [VRFC 10-3609] overwriting previous definition of module 'door_controller' [C:/Users/rudra/OneDrive/Documents/Lift_Controller/vivado_uvm/lift_controller/lift_controller.srcs/sources_1/imports/rtl/door_controller.v:4]
INFO: [VRFC 10-311] analyzing module main_alu_block
WARNING: [VRFC 10-3609] overwriting previous definition of module 'main_alu_block' [C:/Users/rudra/OneDrive/Documents/Lift_Controller/vivado_uvm/lift_controller/lift_controller.srcs/sources_1/imports/rtl/main_alu_block.v:4]
INFO: [VRFC 10-311] analyzing module lift_controller_wrapper
INFO: [VRFC 10-2263] Analyzing SystemVerilog file "C:/Users/rudra/OneDrive/Documents/Lift_Controller/vivado_uvm/lift_controller/lift_controller.srcs/sim_1/imports/verif/tb/src/lift_movement_emulator.sv" into library xil_defaultlib
INFO: [VRFC 10-311] analyzing module lift_movement_emulator
INFO: [VRFC 10-2263] Analyzing SystemVerilog file "C:/Users/rudra/OneDrive/Documents/Lift_Controller/vivado_uvm/lift_controller/lift_controller.srcs/sim_1/imports/verif/tb/src/tb_top.sv" into library xil_defaultlib
INFO: [VRFC 10-311] analyzing module lift_controller_tb_top
